Using pre-set license
Built from '2021.3/staging' branch; Version is '2021.3.16f1 (4016570cf34f) revision 4200023'; Using compiler version '192829333'; Build Type 'Release'
OS: 'Windows 11  (10.0.22621) 64bit Professional' Language: 'en' Physical Memory: 16309 MB
BatchMode: 1, IsHumanControllingUs: 0, StartBugReporterOnCrash: 0, Is64bit: 1, IsPro: 1

COMMAND LINE ARGUMENTS:
C:\Program Files\Unity\Hub\Editor\2021.3.16f1\Editor\Unity.exe
-adb2
-batchMode
-noUpm
-name
AssetImportWorker1
-projectPath
E:/Desktop/Mazen/Education/Mazen Mostafa - College/Repos/DuckMania/Unity/DuckMania
-logFile
Logs/AssetImportWorker1.log
-srvPort
52404
Successfully changed project path to: E:/Desktop/Mazen/Education/Mazen Mostafa - College/Repos/DuckMania/Unity/DuckMania
E:/Desktop/Mazen/Education/Mazen Mostafa - College/Repos/DuckMania/Unity/DuckMania
[UnityMemory] Configuration Parameters - Can be set up in boot.config
    "memorysetup-bucket-allocator-granularity=16"
    "memorysetup-bucket-allocator-bucket-count=8"
    "memorysetup-bucket-allocator-block-size=33554432"
    "memorysetup-bucket-allocator-block-count=8"
    "memorysetup-main-allocator-block-size=16777216"
    "memorysetup-thread-allocator-block-size=16777216"
    "memorysetup-gfx-main-allocator-block-size=16777216"
    "memorysetup-gfx-thread-allocator-block-size=16777216"
    "memorysetup-cache-allocator-block-size=4194304"
    "memorysetup-typetree-allocator-block-size=2097152"
    "memorysetup-profiler-bucket-allocator-granularity=16"
    "memorysetup-profiler-bucket-allocator-bucket-count=8"
    "memorysetup-profiler-bucket-allocator-block-size=33554432"
    "memorysetup-profiler-bucket-allocator-block-count=8"
    "memorysetup-profiler-allocator-block-size=16777216"
    "memorysetup-profiler-editor-allocator-block-size=1048576"
    "memorysetup-temp-allocator-size-main=16777216"
    "memorysetup-job-temp-allocator-block-size=2097152"
    "memorysetup-job-temp-allocator-block-size-background=1048576"
    "memorysetup-job-temp-allocator-reduction-small-platforms=262144"
    "memorysetup-temp-allocator-size-background-worker=32768"
    "memorysetup-temp-allocator-size-job-worker=262144"
    "memorysetup-temp-allocator-size-preload-manager=33554432"
    "memorysetup-temp-allocator-size-nav-mesh-worker=65536"
    "memorysetup-temp-allocator-size-audio-worker=65536"
    "memorysetup-temp-allocator-size-cloud-worker=32768"
    "memorysetup-temp-allocator-size-gi-baking-worker=262144"
    "memorysetup-temp-allocator-size-gfx=262144"
Player connection [23972] Host "[IP] 192.168.1.21 [Port] 0 [Flags] 2 [Guid] 884279868 [EditorId] 884279868 [Version] 1048832 [Id] WindowsEditor(7,MazenGamingPC) [Debug] 1 [PackageName] WindowsEditor [ProjectName] Editor" joined multi-casting on [225.0.0.222:54997]...

Player connection [23972] Host "[IP] 192.168.1.21 [Port] 0 [Flags] 2 [Guid] 884279868 [EditorId] 884279868 [Version] 1048832 [Id] WindowsEditor(7,MazenGamingPC) [Debug] 1 [PackageName] WindowsEditor [ProjectName] Editor" joined alternative multi-casting on [225.0.0.222:34997]...

Refreshing native plugins compatible for Editor in 85.93 ms, found 4 plugins.
Preloading 0 native plugins for Editor in 0.00 ms.
Initialize engine version: 2021.3.16f1 (4016570cf34f)
[Subsystems] Discovering subsystems at path C:/Program Files/Unity/Hub/Editor/2021.3.16f1/Editor/Data/Resources/UnitySubsystems
[Subsystems] Discovering subsystems at path E:/Desktop/Mazen/Education/Mazen Mostafa - College/Repos/DuckMania/Unity/DuckMania/Assets
GfxDevice: creating device client; threaded=0; jobified=0
Direct3D:
    Version:  Direct3D 11.0 [level 11.1]
    Renderer: NVIDIA GeForce RTX 2060 SUPER (ID=0x1f06)
    Vendor:   NVIDIA
    VRAM:     8019 MB
    Driver:   31.0.15.2756
Initialize mono
Mono path[0] = 'C:/Program Files/Unity/Hub/Editor/2021.3.16f1/Editor/Data/Managed'
Mono path[1] = 'C:/Program Files/Unity/Hub/Editor/2021.3.16f1/Editor/Data/MonoBleedingEdge/lib/mono/unityjit-win32'
Mono config path = 'C:/Program Files/Unity/Hub/Editor/2021.3.16f1/Editor/Data/MonoBleedingEdge/etc'
Using monoOptions --debugger-agent=transport=dt_socket,embedding=1,server=y,suspend=n,address=127.0.0.1:56084
Begin MonoManager ReloadAssembly
Registering precompiled unity dll's ...
Register platform support module: C:/Program Files/Unity/Hub/Editor/2021.3.16f1/Editor/Data/PlaybackEngines/WebGLSupport/UnityEditor.WebGL.Extensions.dll
Register platform support module: C:/Program Files/Unity/Hub/Editor/2021.3.16f1/Editor/Data/PlaybackEngines/MacStandaloneSupport/UnityEditor.OSXStandalone.Extensions.dll
Register platform support module: C:/Program Files/Unity/Hub/Editor/2021.3.16f1/Editor/Data/PlaybackEngines/WindowsStandaloneSupport/UnityEditor.WindowsStandalone.Extensions.dll
Register platform support module: C:/Program Files/Unity/Hub/Editor/2021.3.16f1/Editor/Data/PlaybackEngines/MetroSupport/UnityEditor.UWP.Extensions.dll
Registered in 0.006068 seconds.
Native extension for UWP target not found
Native extension for WindowsStandalone target not found
Native extension for OSXStandalone target not found
Native extension for WebGL target not found
Refreshing native plugins compatible for Editor in 84.54 ms, found 4 plugins.
Preloading 0 native plugins for Editor in 0.00 ms.
Mono: successfully reloaded assembly
- Completed reload, in  0.561 seconds
Domain Reload Profiling:
	ReloadAssembly (561ms)
		BeginReloadAssembly (58ms)
			ExecutionOrderSort (0ms)
			DisableScriptedObjects (0ms)
			BackupInstance (0ms)
			ReleaseScriptingObjects (0ms)
			CreateAndSetChildDomain (1ms)
		EndReloadAssembly (403ms)
			LoadAssemblies (57ms)
			RebuildTransferFunctionScriptingTraits (0ms)
			SetupTypeCache (92ms)
			ReleaseScriptCaches (0ms)
			RebuildScriptCaches (24ms)
			SetupLoadedEditorAssemblies (243ms)
				LogAssemblyErrors (0ms)
				InitializePlatformSupportModulesInManaged (10ms)
				SetLoadedEditorAssemblies (0ms)
				RefreshPlugins (85ms)
				BeforeProcessingInitializeOnLoad (1ms)
				ProcessInitializeOnLoadAttributes (110ms)
				ProcessInitializeOnLoadMethodAttributes (37ms)
				AfterProcessingInitializeOnLoad (0ms)
				EditorAssembliesLoaded (0ms)
			ExecutionOrderSort2 (0ms)
			AwakeInstancesAfterBackupRestoration (0ms)
Platform modules already initialized, skipping
Registering precompiled user dll's ...
Registered in 0.003695 seconds.
Begin MonoManager ReloadAssembly
Symbol file LoadedFromMemory doesn't match image E:\Desktop\Mazen\Education\Mazen Mostafa - College\Repos\DuckMania\Unity\DuckMania\Library\PackageCache\com.unity.visualscripting@1.7.8\Editor\VisualScripting.Core\Dependencies\YamlDotNet\Unity.VisualScripting.YamlDotNet.dll
Symbol file LoadedFromMemory doesn't match image E:\Desktop\Mazen\Education\Mazen Mostafa - College\Repos\DuckMania\Unity\DuckMania\Library\PackageCache\com.unity.visualscripting@1.7.8\Editor\VisualScripting.Core\Dependencies\DotNetZip\Unity.VisualScripting.IonicZip.dll
Native extension for UWP target not found
Native extension for WindowsStandalone target not found
Native extension for OSXStandalone target not found
Native extension for WebGL target not found
Refreshing native plugins compatible for Editor in 91.07 ms, found 4 plugins.
Preloading 0 native plugins for Editor in 0.00 ms.
Mono: successfully reloaded assembly
- Completed reload, in  1.061 seconds
Domain Reload Profiling:
	ReloadAssembly (1062ms)
		BeginReloadAssembly (92ms)
			ExecutionOrderSort (0ms)
			DisableScriptedObjects (5ms)
			BackupInstance (0ms)
			ReleaseScriptingObjects (0ms)
			CreateAndSetChildDomain (17ms)
		EndReloadAssembly (869ms)
			LoadAssemblies (68ms)
			RebuildTransferFunctionScriptingTraits (0ms)
			SetupTypeCache (231ms)
			ReleaseScriptCaches (1ms)
			RebuildScriptCaches (68ms)
			SetupLoadedEditorAssemblies (450ms)
				LogAssemblyErrors (0ms)
				InitializePlatformSupportModulesInManaged (10ms)
				SetLoadedEditorAssemblies (0ms)
				RefreshPlugins (91ms)
				BeforeProcessingInitializeOnLoad (96ms)
				ProcessInitializeOnLoadAttributes (209ms)
				ProcessInitializeOnLoadMethodAttributes (36ms)
				AfterProcessingInitializeOnLoad (8ms)
				EditorAssembliesLoaded (0ms)
			ExecutionOrderSort2 (0ms)
			AwakeInstancesAfterBackupRestoration (6ms)
Platform modules already initialized, skipping
========================================================================
Worker process is ready to serve import requests
Launched and connected shader compiler UnityShaderCompiler.exe after 0.04 seconds
Refreshing native plugins compatible for Editor in 1.38 ms, found 4 plugins.
Preloading 0 native plugins for Editor in 0.00 ms.
Unloading 4045 Unused Serialized files (Serialized files now loaded: 0)
Unloading 44 unused Assets / (229.3 KB). Loaded Objects now: 4495.
Memory consumption went from 152.0 MB to 151.7 MB.
Total: 3.601100 ms (FindLiveObjects: 0.382300 ms CreateObjectMapping: 0.212900 ms MarkObjects: 2.847000 ms  DeleteObjects: 0.158000 ms)

AssetImportParameters requested are different than current active one (requested -> active):
  custom:video-decoder-ogg-theora: a1e56fd34408186e4bbccfd4996cb3dc -> 
  custom:container-muxer-webm: aa71ff27fc2769a1b78a27578f13a17b -> 
  custom:container-demuxer-webm: 4f35f7cbe854078d1ac9338744f61a02 -> 
  custom:video-encoder-webm-vp8: eb34c28f22e8b96e1ab97ce403110664 -> 
  custom:audio-encoder-webm-vorbis: bf7c407c2cedff20999df2af8eb42d56 -> 
  custom:framework-win-MediaFoundation: 216162199b28c13a410421893ffa2e32 -> 
  custom:container-demuxer-ogg: 62fdf1f143b41e24485cea50d1cbac27 -> 
  custom:video-decoder-webm-vp8: 9c59270c3fd7afecdb556c50c9e8de78 -> 
  custom:audio-decoder-ogg-vorbis: bf7c407c2cedff20999df2af8eb42d56 -> 
========================================================================
Received Import Request.
  Time since last request: 841883.451745 seconds.
  path: Assets/Scenes/SampleScene.unity
  artifactKey: Guid(2cda990e2423bbf4892e6590ba056729) Importer(815301076,1909f56bfc062723c751e8b465ee728b)
Start importing Assets/Scenes/SampleScene.unity using Guid(2cda990e2423bbf4892e6590ba056729) Importer(815301076,1909f56bfc062723c751e8b465ee728b)  -> (artifact id: 'e24c38ded777c6eac716cf6ee885caa1') in 0.012028 seconds 
========================================================================
Received Import Request.
  Time since last request: 652.657462 seconds.
  path: Assets/Sprites/Fruit_Bell.png
  artifactKey: Guid(9db59b1f7c3f18a488bb7006c8f7d63a) Importer(815301076,1909f56bfc062723c751e8b465ee728b)
Start importing Assets/Sprites/Fruit_Bell.png using Guid(9db59b1f7c3f18a488bb7006c8f7d63a) Importer(815301076,1909f56bfc062723c751e8b465ee728b)  -> (artifact id: 'b0b80664ba0b8f5439d29a4ec472b487') in 0.108458 seconds 
========================================================================
Received Import Request.
  Time since last request: 0.000023 seconds.
  path: Assets/Sprites/Wall_23.png
  artifactKey: Guid(8ec9db974ae7c5d409885b239d2ec55b) Importer(815301076,1909f56bfc062723c751e8b465ee728b)
Start importing Assets/Sprites/Wall_23.png using Guid(8ec9db974ae7c5d409885b239d2ec55b) Importer(815301076,1909f56bfc062723c751e8b465ee728b)  -> (artifact id: 'e9227bfcfa11629d0eb1604fd50817ee') in 0.021402 seconds 
========================================================================
Received Import Request.
  Time since last request: 0.000046 seconds.
  path: Assets/Sprites/Wall_24.png
  artifactKey: Guid(3ba0ad1f842285948b092fe1a77f1370) Importer(815301076,1909f56bfc062723c751e8b465ee728b)
Start importing Assets/Sprites/Wall_24.png using Guid(3ba0ad1f842285948b092fe1a77f1370) Importer(815301076,1909f56bfc062723c751e8b465ee728b)  -> (artifact id: '14b5167002472efa46f8b99d9ebe734e') in 0.015091 seconds 
========================================================================
Received Import Request.
  Time since last request: 0.000026 seconds.
  path: Assets/Sprites/Fruit_Melon.png
  artifactKey: Guid(76efc71326ce0624b86ebac20e4ad950) Importer(815301076,1909f56bfc062723c751e8b465ee728b)
Start importing Assets/Sprites/Fruit_Melon.png using Guid(76efc71326ce0624b86ebac20e4ad950) Importer(815301076,1909f56bfc062723c751e8b465ee728b)  -> (artifact id: '06bf68f89bd48b40fe9d2f2ca4a09696') in 0.014114 seconds 
========================================================================
Received Import Request.
  Time since last request: 0.000022 seconds.
  path: Assets/Sprites/Wall_06.png
  artifactKey: Guid(2cf5def0f3636524eac3f7ccdbe38837) Importer(815301076,1909f56bfc062723c751e8b465ee728b)
Start importing Assets/Sprites/Wall_06.png using Guid(2cf5def0f3636524eac3f7ccdbe38837) Importer(815301076,1909f56bfc062723c751e8b465ee728b)  -> (artifact id: '079cd9676471943f08598d50cdf6992a') in 0.010374 seconds 
========================================================================
Received Import Request.
  Time since last request: 0.000022 seconds.
  path: Assets/Sprites/Fruit_Strawberry.png
  artifactKey: Guid(7f92fd0a6259c0748a3798477124414b) Importer(815301076,1909f56bfc062723c751e8b465ee728b)
Start importing Assets/Sprites/Fruit_Strawberry.png using Guid(7f92fd0a6259c0748a3798477124414b) Importer(815301076,1909f56bfc062723c751e8b465ee728b)  -> (artifact id: 'e2f1f153f3230408b280d5031cda3497') in 0.011300 seconds 
========================================================================
Received Import Request.
  Time since last request: 0.000026 seconds.
  path: Assets/Sprites/Wall_11.png
  artifactKey: Guid(3fa89c6e256d54f40865316cb10472cc) Importer(815301076,1909f56bfc062723c751e8b465ee728b)
Start importing Assets/Sprites/Wall_11.png using Guid(3fa89c6e256d54f40865316cb10472cc) Importer(815301076,1909f56bfc062723c751e8b465ee728b)  -> (artifact id: 'b2e3996d7af647454ba012b617ec18ab') in 0.010310 seconds 
========================================================================
Received Import Request.
  Time since last request: 0.000027 seconds.
  path: Assets/Sprites/Pellet_Small.png
  artifactKey: Guid(8c3087f14f6c62b4e80b25df0276968e) Importer(815301076,1909f56bfc062723c751e8b465ee728b)
Start importing Assets/Sprites/Pellet_Small.png using Guid(8c3087f14f6c62b4e80b25df0276968e) Importer(815301076,1909f56bfc062723c751e8b465ee728b)  -> (artifact id: 'efa6a422ded2af21d1d1ddd04ffc74f4') in 0.010959 seconds 
========================================================================
Received Import Request.
  Time since last request: 0.000027 seconds.
  path: Assets/Sprites/Wall_31.png
  artifactKey: Guid(2b5a88d05512c574f8fbefbe5cbc71e9) Importer(815301076,1909f56bfc062723c751e8b465ee728b)
Start importing Assets/Sprites/Wall_31.png using Guid(2b5a88d05512c574f8fbefbe5cbc71e9) Importer(815301076,1909f56bfc062723c751e8b465ee728b)  -> (artifact id: '76fa85cfb1e47b0e7f9ec5cdbccdb22c') in 0.011767 seconds 
========================================================================
Received Import Request.
  Time since last request: 0.000024 seconds.
  path: Assets/Sprites/Pacman_Death_09.png
  artifactKey: Guid(d4f6bec92b04f35459999a9696d2a1da) Importer(815301076,1909f56bfc062723c751e8b465ee728b)
Start importing Assets/Sprites/Pacman_Death_09.png using Guid(d4f6bec92b04f35459999a9696d2a1da) Importer(815301076,1909f56bfc062723c751e8b465ee728b)  -> (artifact id: '327bb309269559ca48376505e8b179d2') in 0.011598 seconds 
========================================================================
Received Import Request.
  Time since last request: 0.000022 seconds.
  path: Assets/Sprites/Ghost_Vulnerable_White_01.png
  artifactKey: Guid(a66fca21a2eaf43459e2fbb561e630d6) Importer(815301076,1909f56bfc062723c751e8b465ee728b)
Start importing Assets/Sprites/Ghost_Vulnerable_White_01.png using Guid(a66fca21a2eaf43459e2fbb561e630d6) Importer(815301076,1909f56bfc062723c751e8b465ee728b)  -> (artifact id: '87b096a1de4feb337db6b0c49894b78a') in 0.010185 seconds 
========================================================================
Received Import Request.
  Time since last request: 0.000025 seconds.
  path: Assets/Sprites/Wall_28.png
  artifactKey: Guid(57ac5c6063b92b44ba0ee5bec9055a6f) Importer(815301076,1909f56bfc062723c751e8b465ee728b)
Start importing Assets/Sprites/Wall_28.png using Guid(57ac5c6063b92b44ba0ee5bec9055a6f) Importer(815301076,1909f56bfc062723c751e8b465ee728b)  -> (artifact id: '1ac6af43b0fcfa70e2bb5f166140eca3') in 0.013688 seconds 
========================================================================
Received Import Request.
  Time since last request: 0.000023 seconds.
  path: Assets/Sprites/Wall_22.png
  artifactKey: Guid(5d893e4abcbcea6468a26182ad2b8837) Importer(815301076,1909f56bfc062723c751e8b465ee728b)
Start importing Assets/Sprites/Wall_22.png using Guid(5d893e4abcbcea6468a26182ad2b8837) Importer(815301076,1909f56bfc062723c751e8b465ee728b)  -> (artifact id: '5ac7f25c85689ef9b72fb600df2e018c') in 0.009553 seconds 
========================================================================
Received Import Request.
  Time since last request: 0.000019 seconds.
  path: Assets/Sprites/Wall_09.png
  artifactKey: Guid(ea70de09204aca148be4cc456714f7ef) Importer(815301076,1909f56bfc062723c751e8b465ee728b)
Start importing Assets/Sprites/Wall_09.png using Guid(ea70de09204aca148be4cc456714f7ef) Importer(815301076,1909f56bfc062723c751e8b465ee728b)  -> (artifact id: 'd22cfd72c69d7563db79251b0e54e185') in 0.055241 seconds 
========================================================================
Received Import Request.
  Time since last request: 0.000023 seconds.
  path: Assets/Sprites/Ghost_Vulnerable_Blue_02.png
  artifactKey: Guid(d5e15c75b88558b469ecc97990cce215) Importer(815301076,1909f56bfc062723c751e8b465ee728b)
Start importing Assets/Sprites/Ghost_Vulnerable_Blue_02.png using Guid(d5e15c75b88558b469ecc97990cce215) Importer(815301076,1909f56bfc062723c751e8b465ee728b)  -> (artifact id: '57afbd79c96ee972336ff332de36b87f') in 0.016983 seconds 
========================================================================
Received Import Request.
  Time since last request: 0.000025 seconds.
  path: Assets/Sprites/Pacman_Death_08.png
  artifactKey: Guid(6767e4473f995a2408eec5b583ded67a) Importer(815301076,1909f56bfc062723c751e8b465ee728b)
Start importing Assets/Sprites/Pacman_Death_08.png using Guid(6767e4473f995a2408eec5b583ded67a) Importer(815301076,1909f56bfc062723c751e8b465ee728b)  -> (artifact id: 'c249ee169d06b50b094c0138017d60c7') in 0.012006 seconds 
========================================================================
Received Import Request.
  Time since last request: 0.000023 seconds.
  path: Assets/Sprites/Pacman_Death_10.png
  artifactKey: Guid(273b5a5d3e562d3419ecad3222b29217) Importer(815301076,1909f56bfc062723c751e8b465ee728b)
Start importing Assets/Sprites/Pacman_Death_10.png using Guid(273b5a5d3e562d3419ecad3222b29217) Importer(815301076,1909f56bfc062723c751e8b465ee728b)  -> (artifact id: '1e1f62f5e097b075a72014b6e19949f3') in 0.015114 seconds 
========================================================================
Received Import Request.
  Time since last request: 0.000027 seconds.
  path: Assets/Sprites/Ghost_Vulnerable_Blue_01.png
  artifactKey: Guid(7031ccde0b7585f4593ec9ccd2626e05) Importer(815301076,1909f56bfc062723c751e8b465ee728b)
Start importing Assets/Sprites/Ghost_Vulnerable_Blue_01.png using Guid(7031ccde0b7585f4593ec9ccd2626e05) Importer(815301076,1909f56bfc062723c751e8b465ee728b)  -> (artifact id: '584814e7d2eedeba52b7a5bceace0647') in 0.013101 seconds 
========================================================================
Received Import Request.
  Time since last request: 0.000024 seconds.
  path: Assets/Sprites/Wall_13.png
  artifactKey: Guid(edd6f6eaca1f9a445b8305efd75e8b2b) Importer(815301076,1909f56bfc062723c751e8b465ee728b)
Start importing Assets/Sprites/Wall_13.png using Guid(edd6f6eaca1f9a445b8305efd75e8b2b) Importer(815301076,1909f56bfc062723c751e8b465ee728b)  -> (artifact id: '5f51b2310c2d8537431d1f957fffb55b') in 0.013843 seconds 
========================================================================
Received Import Request.
  Time since last request: 0.000019 seconds.
  path: Assets/Sprites/Fruit_Orange.png
  artifactKey: Guid(1f934a213c2899840a159f72b7f44e57) Importer(815301076,1909f56bfc062723c751e8b465ee728b)
Start importing Assets/Sprites/Fruit_Orange.png using Guid(1f934a213c2899840a159f72b7f44e57) Importer(815301076,1909f56bfc062723c751e8b465ee728b)  -> (artifact id: '9d00ab2cf29c68905f74dfc9a0160ffc') in 0.012509 seconds 
========================================================================
Received Import Request.
  Time since last request: 0.000027 seconds.
  path: Assets/Sprites/Wall_14.png
  artifactKey: Guid(c0414a577e42f6b428c98cb22b1c6ab8) Importer(815301076,1909f56bfc062723c751e8b465ee728b)
Start importing Assets/Sprites/Wall_14.png using Guid(c0414a577e42f6b428c98cb22b1c6ab8) Importer(815301076,1909f56bfc062723c751e8b465ee728b)  -> (artifact id: 'b38d996b9a87c6f9ba32c2583f314934') in 0.012247 seconds 
========================================================================
Received Import Request.
  Time since last request: 0.000025 seconds.
  path: Assets/Sprites/Pacman_Death_05.png
  artifactKey: Guid(7ae4f038555669349b19305499ef3267) Importer(815301076,1909f56bfc062723c751e8b465ee728b)
Start importing Assets/Sprites/Pacman_Death_05.png using Guid(7ae4f038555669349b19305499ef3267) Importer(815301076,1909f56bfc062723c751e8b465ee728b)  -> (artifact id: '75b3a0574de12fefb7cfff1690d3027d') in 0.031794 seconds 
========================================================================
Received Import Request.
  Time since last request: 0.000024 seconds.
  path: Assets/Sprites/Ghost_Body_02.png
  artifactKey: Guid(6f51e42bf59063c4ab7a5608a42bd23d) Importer(815301076,1909f56bfc062723c751e8b465ee728b)
Start importing Assets/Sprites/Ghost_Body_02.png using Guid(6f51e42bf59063c4ab7a5608a42bd23d) Importer(815301076,1909f56bfc062723c751e8b465ee728b)  -> (artifact id: 'be1d67a06678cfa7c9a713a57cce1271') in 0.013507 seconds 
========================================================================
Received Import Request.
  Time since last request: 0.000025 seconds.
  path: Assets/Sprites/Pacman_Death_07.png
  artifactKey: Guid(2218b2226c23db74c8e39a743542e2e3) Importer(815301076,1909f56bfc062723c751e8b465ee728b)
Start importing Assets/Sprites/Pacman_Death_07.png using Guid(2218b2226c23db74c8e39a743542e2e3) Importer(815301076,1909f56bfc062723c751e8b465ee728b)  -> (artifact id: '8c0d4c624607fc3c3e7114afa6bcab8e') in 0.013592 seconds 
========================================================================
Received Import Request.
  Time since last request: 0.000026 seconds.
  path: Assets/Sprites/Wall_29.png
  artifactKey: Guid(1281c669df473ee4099877bc91b5a04a) Importer(815301076,1909f56bfc062723c751e8b465ee728b)
Start importing Assets/Sprites/Wall_29.png using Guid(1281c669df473ee4099877bc91b5a04a) Importer(815301076,1909f56bfc062723c751e8b465ee728b)  -> (artifact id: '555450f76ffba7c0f7092123e7d19eae') in 0.010122 seconds 
========================================================================
Received Import Request.
  Time since last request: 0.000023 seconds.
  path: Assets/Sprites/Wall_17.png
  artifactKey: Guid(3f52fd47e1d19304b831203ccebde5bf) Importer(815301076,1909f56bfc062723c751e8b465ee728b)
Start importing Assets/Sprites/Wall_17.png using Guid(3f52fd47e1d19304b831203ccebde5bf) Importer(815301076,1909f56bfc062723c751e8b465ee728b)  -> (artifact id: '9b0a6deccf2a0d923e9889cd095d2a05') in 0.011615 seconds 
========================================================================
Received Import Request.
  Time since last request: 0.000037 seconds.
  path: Assets/Sprites/Pacman_Death_02.png
  artifactKey: Guid(c2677ca0e0dc70f42a7f29031ae0a7d5) Importer(815301076,1909f56bfc062723c751e8b465ee728b)
Start importing Assets/Sprites/Pacman_Death_02.png using Guid(c2677ca0e0dc70f42a7f29031ae0a7d5) Importer(815301076,1909f56bfc062723c751e8b465ee728b)  -> (artifact id: '1e26d79746eeb172a45ea68b74bf17cf') in 0.013504 seconds 
========================================================================
Received Import Request.
  Time since last request: 0.000030 seconds.
  path: Assets/Sprites/Wall_21.png
  artifactKey: Guid(5aab2461aed5bc9449fdde9974a8d998) Importer(815301076,1909f56bfc062723c751e8b465ee728b)
Start importing Assets/Sprites/Wall_21.png using Guid(5aab2461aed5bc9449fdde9974a8d998) Importer(815301076,1909f56bfc062723c751e8b465ee728b)  -> (artifact id: '6b5fdc453cace76afcce63751839cbbd') in 0.009967 seconds 
========================================================================
Received Import Request.
  Time since last request: 0.000024 seconds.
  path: Assets/Sprites/Wall_12.png
  artifactKey: Guid(8d65a6fd64925c141847db8ffa1b186f) Importer(815301076,1909f56bfc062723c751e8b465ee728b)
Start importing Assets/Sprites/Wall_12.png using Guid(8d65a6fd64925c141847db8ffa1b186f) Importer(815301076,1909f56bfc062723c751e8b465ee728b)  -> (artifact id: '1ec04e85333a52af35db5c2a38a22e12') in 0.024265 seconds 
========================================================================
Received Import Request.
  Time since last request: 0.000029 seconds.
  path: Assets/Sprites/Wall_01.png
  artifactKey: Guid(10fbf9dc56da36c45a97cdf11ee1ff64) Importer(815301076,1909f56bfc062723c751e8b465ee728b)
Start importing Assets/Sprites/Wall_01.png using Guid(10fbf9dc56da36c45a97cdf11ee1ff64) Importer(815301076,1909f56bfc062723c751e8b465ee728b)  -> (artifact id: '7ad94cf422498075c5027314eebb3470') in 0.011340 seconds 
========================================================================
Received Import Request.
  Time since last request: 0.000027 seconds.
  path: Assets/Sprites/Ghost_Eyes_Up.png
  artifactKey: Guid(7391304e6dcdc594484288107bfd217f) Importer(815301076,1909f56bfc062723c751e8b465ee728b)
Start importing Assets/Sprites/Ghost_Eyes_Up.png using Guid(7391304e6dcdc594484288107bfd217f) Importer(815301076,1909f56bfc062723c751e8b465ee728b)  -> (artifact id: '3a3eb0563e3010b79b3fb3c73039353f') in 0.013189 seconds 
========================================================================
Received Import Request.
  Time since last request: 0.000027 seconds.
  path: Assets/Sprites/Wall_10.png
  artifactKey: Guid(d7b8d195d13895a43a865dbf51e0f9d5) Importer(815301076,1909f56bfc062723c751e8b465ee728b)
Start importing Assets/Sprites/Wall_10.png using Guid(d7b8d195d13895a43a865dbf51e0f9d5) Importer(815301076,1909f56bfc062723c751e8b465ee728b)  -> (artifact id: '12c77233c266f60069a220497f35aa2a') in 0.034981 seconds 
========================================================================
Received Import Request.
  Time since last request: 0.000085 seconds.
  path: Assets/Sprites/Wall_20.png
  artifactKey: Guid(d0460c4bafe8a95469fb0431894e6cf4) Importer(815301076,1909f56bfc062723c751e8b465ee728b)
Start importing Assets/Sprites/Wall_20.png using Guid(d0460c4bafe8a95469fb0431894e6cf4) Importer(815301076,1909f56bfc062723c751e8b465ee728b)  -> (artifact id: 'b0bb5f42284afe6be5e08ea849d9c208') in 0.010774 seconds 
========================================================================
Received Import Request.
  Time since last request: 0.000032 seconds.
  path: Assets/Sprites/Pellet_Medium.png
  artifactKey: Guid(f3ad6a179f966804cad0514a2acbf0b0) Importer(815301076,1909f56bfc062723c751e8b465ee728b)
Start importing Assets/Sprites/Pellet_Medium.png using Guid(f3ad6a179f966804cad0514a2acbf0b0) Importer(815301076,1909f56bfc062723c751e8b465ee728b)  -> (artifact id: 'c3d9b4dcee2209ed6ed3c2085f5b58c6') in 0.011198 seconds 
========================================================================
Received Import Request.
  Time since last request: 0.000030 seconds.
  path: Assets/Sprites/Wall_26.png
  artifactKey: Guid(4a3f1f82d57cce44b938b9061baccc56) Importer(815301076,1909f56bfc062723c751e8b465ee728b)
Start importing Assets/Sprites/Wall_26.png using Guid(4a3f1f82d57cce44b938b9061baccc56) Importer(815301076,1909f56bfc062723c751e8b465ee728b)  -> (artifact id: '6e01a9e7c39cc5271579886be7008a42') in 0.010803 seconds 
========================================================================
Received Import Request.
  Time since last request: 0.366481 seconds.
  path: Assets/Sprites/Wall_36.png
  artifactKey: Guid(b205f5c04b61b034fb3275def4c4af50) Importer(815301076,1909f56bfc062723c751e8b465ee728b)
Start importing Assets/Sprites/Wall_36.png using Guid(b205f5c04b61b034fb3275def4c4af50) Importer(815301076,1909f56bfc062723c751e8b465ee728b)  -> (artifact id: 'd01da79b5f17f4782067cbb90e22aad7') in 0.008699 seconds 
========================================================================
Received Import Request.
  Time since last request: 0.000019 seconds.
  path: Assets/Sprites/Wall_37.png
  artifactKey: Guid(b1372eb48ab258e4d9cc78b4b8ae51e9) Importer(815301076,1909f56bfc062723c751e8b465ee728b)
Start importing Assets/Sprites/Wall_37.png using Guid(b1372eb48ab258e4d9cc78b4b8ae51e9) Importer(815301076,1909f56bfc062723c751e8b465ee728b)  -> (artifact id: '2fe1162ffb78e633336316e7ea95af66') in 0.009073 seconds 
========================================================================
Received Import Request.
  Time since last request: 39.770629 seconds.
  path: Assets/Sprites/Pacman_Death_09.png
  artifactKey: Guid(d4f6bec92b04f35459999a9696d2a1da) Importer(815301076,1909f56bfc062723c751e8b465ee728b)
Start importing Assets/Sprites/Pacman_Death_09.png using Guid(d4f6bec92b04f35459999a9696d2a1da) Importer(815301076,1909f56bfc062723c751e8b465ee728b)  -> (artifact id: '44d68851281342a242759bf69bc79c27') in 0.016780 seconds 
========================================================================
Received Import Request.
  Time since last request: 0.000029 seconds.
  path: Assets/Sprites/Wall_37.png
  artifactKey: Guid(b1372eb48ab258e4d9cc78b4b8ae51e9) Importer(815301076,1909f56bfc062723c751e8b465ee728b)
Start importing Assets/Sprites/Wall_37.png using Guid(b1372eb48ab258e4d9cc78b4b8ae51e9) Importer(815301076,1909f56bfc062723c751e8b465ee728b)  -> (artifact id: '1a5d4b1e993f24bbf2b891b7261e7a65') in 0.010044 seconds 
========================================================================
Received Import Request.
  Time since last request: 0.000018 seconds.
  path: Assets/Sprites/Pellet_Large.png
  artifactKey: Guid(f5539a5cab8e4b0479adf95423fa7c86) Importer(815301076,1909f56bfc062723c751e8b465ee728b)
Start importing Assets/Sprites/Pellet_Large.png using Guid(f5539a5cab8e4b0479adf95423fa7c86) Importer(815301076,1909f56bfc062723c751e8b465ee728b)  -> (artifact id: 'f254cd51bc486f02c60804dbe45637c3') in 0.010528 seconds 
========================================================================
Received Import Request.
  Time since last request: 0.000022 seconds.
  path: Assets/Sprites/Wall_06.png
  artifactKey: Guid(2cf5def0f3636524eac3f7ccdbe38837) Importer(815301076,1909f56bfc062723c751e8b465ee728b)
Start importing Assets/Sprites/Wall_06.png using Guid(2cf5def0f3636524eac3f7ccdbe38837) Importer(815301076,1909f56bfc062723c751e8b465ee728b)  -> (artifact id: 'adf292737584cbef86205449643d0174') in 0.016948 seconds 
========================================================================
Received Import Request.
  Time since last request: 0.000021 seconds.
  path: Assets/Sprites/Wall_30.png
  artifactKey: Guid(6f115c8eee0d491419895b53625f41dc) Importer(815301076,1909f56bfc062723c751e8b465ee728b)
Start importing Assets/Sprites/Wall_30.png using Guid(6f115c8eee0d491419895b53625f41dc) Importer(815301076,1909f56bfc062723c751e8b465ee728b)  -> (artifact id: '832b803081dc885aaa69f17a70857e1d') in 0.008167 seconds 
========================================================================
Received Import Request.
  Time since last request: 0.000023 seconds.
  path: Assets/Sprites/Wall_00.png
  artifactKey: Guid(e52ee8a5840dcaf4499f536c1580873c) Importer(815301076,1909f56bfc062723c751e8b465ee728b)
Start importing Assets/Sprites/Wall_00.png using Guid(e52ee8a5840dcaf4499f536c1580873c) Importer(815301076,1909f56bfc062723c751e8b465ee728b)  -> (artifact id: '5d63e14c563f1589f95517b72c8671e6') in 0.014009 seconds 
========================================================================
Received Import Request.
  Time since last request: 0.000019 seconds.
  path: Assets/Sprites/Wall_04.png
  artifactKey: Guid(8fe1022521c11cb47a859a6bfb7a6777) Importer(815301076,1909f56bfc062723c751e8b465ee728b)
Start importing Assets/Sprites/Wall_04.png using Guid(8fe1022521c11cb47a859a6bfb7a6777) Importer(815301076,1909f56bfc062723c751e8b465ee728b)  -> (artifact id: '2ef8ce699cd2049e0ce1b27ae5833478') in 0.009200 seconds 
========================================================================
Received Import Request.
  Time since last request: 0.000022 seconds.
  path: Assets/Sprites/Wall_22.png
  artifactKey: Guid(5d893e4abcbcea6468a26182ad2b8837) Importer(815301076,1909f56bfc062723c751e8b465ee728b)
Start importing Assets/Sprites/Wall_22.png using Guid(5d893e4abcbcea6468a26182ad2b8837) Importer(815301076,1909f56bfc062723c751e8b465ee728b)  -> (artifact id: '211daccbb9270de5669876d97086c7c2') in 0.011371 seconds 
========================================================================
Received Import Request.
  Time since last request: 0.000021 seconds.
  path: Assets/Sprites/Wall_13.png
  artifactKey: Guid(edd6f6eaca1f9a445b8305efd75e8b2b) Importer(815301076,1909f56bfc062723c751e8b465ee728b)
Start importing Assets/Sprites/Wall_13.png using Guid(edd6f6eaca1f9a445b8305efd75e8b2b) Importer(815301076,1909f56bfc062723c751e8b465ee728b)  -> (artifact id: 'a0f6fdc0c3b6b81de852c9891e527f57') in 0.010873 seconds 
========================================================================
Received Import Request.
  Time since last request: 0.000021 seconds.
  path: Assets/Sprites/Wall_34.png
  artifactKey: Guid(336cb5f821d09e94ca211f1a42e47428) Importer(815301076,1909f56bfc062723c751e8b465ee728b)
Start importing Assets/Sprites/Wall_34.png using Guid(336cb5f821d09e94ca211f1a42e47428) Importer(815301076,1909f56bfc062723c751e8b465ee728b)  -> (artifact id: '3221faa5676ad4c5e5c568d2a0d9e058') in 0.013202 seconds 
========================================================================
Received Import Request.
  Time since last request: 0.000032 seconds.
  path: Assets/Sprites/Wall_16.png
  artifactKey: Guid(369fed99b29f81d4d926569de4472465) Importer(815301076,1909f56bfc062723c751e8b465ee728b)
Start importing Assets/Sprites/Wall_16.png using Guid(369fed99b29f81d4d926569de4472465) Importer(815301076,1909f56bfc062723c751e8b465ee728b)  -> (artifact id: '6d22c70fb7209e1737741ab4c1bdd636') in 0.009770 seconds 
========================================================================
Received Import Request.
  Time since last request: 0.000017 seconds.
  path: Assets/Sprites/Wall_05.png
  artifactKey: Guid(c5111370543b9c74bacb41934c46f6c7) Importer(815301076,1909f56bfc062723c751e8b465ee728b)
Start importing Assets/Sprites/Wall_05.png using Guid(c5111370543b9c74bacb41934c46f6c7) Importer(815301076,1909f56bfc062723c751e8b465ee728b)  -> (artifact id: '708c9c9ff7b567e7414ccec0612143c8') in 0.009173 seconds 
========================================================================
Received Import Request.
  Time since last request: 0.000021 seconds.
  path: Assets/Sprites/Wall_15.png
  artifactKey: Guid(b3fc314fd1a7e2c4f9bff97a1f89a607) Importer(815301076,1909f56bfc062723c751e8b465ee728b)
Start importing Assets/Sprites/Wall_15.png using Guid(b3fc314fd1a7e2c4f9bff97a1f89a607) Importer(815301076,1909f56bfc062723c751e8b465ee728b)  -> (artifact id: '75d9fb75b23f6502fe84aa3b5bed9e4a') in 0.016201 seconds 
========================================================================
Received Import Request.
  Time since last request: 0.000027 seconds.
  path: Assets/Sprites/Wall_12.png
  artifactKey: Guid(8d65a6fd64925c141847db8ffa1b186f) Importer(815301076,1909f56bfc062723c751e8b465ee728b)
Start importing Assets/Sprites/Wall_12.png using Guid(8d65a6fd64925c141847db8ffa1b186f) Importer(815301076,1909f56bfc062723c751e8b465ee728b)  -> (artifact id: '1797e5b8a85ffefea65da70c9fb892b0') in 0.009488 seconds 
========================================================================
Received Import Request.
  Time since last request: 0.000026 seconds.
  path: Assets/Sprites/Wall_36.png
  artifactKey: Guid(b205f5c04b61b034fb3275def4c4af50) Importer(815301076,1909f56bfc062723c751e8b465ee728b)
Start importing Assets/Sprites/Wall_36.png using Guid(b205f5c04b61b034fb3275def4c4af50) Importer(815301076,1909f56bfc062723c751e8b465ee728b)  -> (artifact id: '240f544aac5733d73f27a1196ab13c6d') in 0.013789 seconds 
========================================================================
Received Import Request.
  Time since last request: 0.000021 seconds.
  path: Assets/Sprites/Wall_10.png
  artifactKey: Guid(d7b8d195d13895a43a865dbf51e0f9d5) Importer(815301076,1909f56bfc062723c751e8b465ee728b)
Start importing Assets/Sprites/Wall_10.png using Guid(d7b8d195d13895a43a865dbf51e0f9d5) Importer(815301076,1909f56bfc062723c751e8b465ee728b)  -> (artifact id: 'f885ce05a5fc357f8efc40faac9fb9cf') in 0.013635 seconds 
========================================================================
Received Import Request.
  Time since last request: 0.000030 seconds.
  path: Assets/Sprites/Pellet_Medium.png
  artifactKey: Guid(f3ad6a179f966804cad0514a2acbf0b0) Importer(815301076,1909f56bfc062723c751e8b465ee728b)
Start importing Assets/Sprites/Pellet_Medium.png using Guid(f3ad6a179f966804cad0514a2acbf0b0) Importer(815301076,1909f56bfc062723c751e8b465ee728b)  -> (artifact id: 'f5b66d8f06edfd2c6af60901577aeed9') in 0.008612 seconds 
========================================================================
Received Import Request.
  Time since last request: 9.868662 seconds.
  path: Assets/Sprites/Ghost_Vulnerable_White_01.png
  artifactKey: Guid(a66fca21a2eaf43459e2fbb561e630d6) Importer(815301076,1909f56bfc062723c751e8b465ee728b)
Start importing Assets/Sprites/Ghost_Vulnerable_White_01.png using Guid(a66fca21a2eaf43459e2fbb561e630d6) Importer(815301076,1909f56bfc062723c751e8b465ee728b)  -> (artifact id: '07d0b78e21a131d59fcd7099460b2d22') in 0.006685 seconds 
========================================================================
Received Import Request.
  Time since last request: 0.000019 seconds.
  path: Assets/Sprites/Pacman_02.png
  artifactKey: Guid(1f9604f5749fde646a59a72c9ee1cd3a) Importer(815301076,1909f56bfc062723c751e8b465ee728b)
Start importing Assets/Sprites/Pacman_02.png using Guid(1f9604f5749fde646a59a72c9ee1cd3a) Importer(815301076,1909f56bfc062723c751e8b465ee728b)  -> (artifact id: 'f0e313f64ef395413c42cb48aeca5f55') in 0.008013 seconds 
========================================================================
Received Import Request.
  Time since last request: 0.000017 seconds.
  path: Assets/Sprites/Fruit_GalaxianStarship.png
  artifactKey: Guid(43287113cc1900f44a90a7c880c6c0f6) Importer(815301076,1909f56bfc062723c751e8b465ee728b)
Start importing Assets/Sprites/Fruit_GalaxianStarship.png using Guid(43287113cc1900f44a90a7c880c6c0f6) Importer(815301076,1909f56bfc062723c751e8b465ee728b)  -> (artifact id: '9bdf4870b2463a2956d0a2313a19b8b5') in 0.006677 seconds 
========================================================================
Received Import Request.
  Time since last request: 0.000025 seconds.
  path: Assets/Sprites/Fruit_Strawberry.png
  artifactKey: Guid(7f92fd0a6259c0748a3798477124414b) Importer(815301076,1909f56bfc062723c751e8b465ee728b)
Start importing Assets/Sprites/Fruit_Strawberry.png using Guid(7f92fd0a6259c0748a3798477124414b) Importer(815301076,1909f56bfc062723c751e8b465ee728b)  -> (artifact id: '0eb3bd291991c8a9b9fa3349dd9dd6e1') in 0.007074 seconds 
========================================================================
Received Import Request.
  Time since last request: 0.000038 seconds.
  path: Assets/Sprites/Pacman_01.png
  artifactKey: Guid(e3b83262a412c74408dba5cbe89f43f5) Importer(815301076,1909f56bfc062723c751e8b465ee728b)
Start importing Assets/Sprites/Pacman_01.png using Guid(e3b83262a412c74408dba5cbe89f43f5) Importer(815301076,1909f56bfc062723c751e8b465ee728b)  -> (artifact id: '2cec64dda05b7fd3fd73d8999f6374f7') in 0.010337 seconds 
========================================================================
Received Import Request.
  Time since last request: 0.000020 seconds.
  path: Assets/Sprites/Pacman_Death_01.png
  artifactKey: Guid(7c2a3428d5369f54e89eac69cd0ee74f) Importer(815301076,1909f56bfc062723c751e8b465ee728b)
Start importing Assets/Sprites/Pacman_Death_01.png using Guid(7c2a3428d5369f54e89eac69cd0ee74f) Importer(815301076,1909f56bfc062723c751e8b465ee728b)  -> (artifact id: '71e3e32efc5c61aeefe0bd54fa381818') in 0.007456 seconds 
========================================================================
Received Import Request.
  Time since last request: 0.000020 seconds.
  path: Assets/Sprites/Pacman_Death_05.png
  artifactKey: Guid(7ae4f038555669349b19305499ef3267) Importer(815301076,1909f56bfc062723c751e8b465ee728b)
Start importing Assets/Sprites/Pacman_Death_05.png using Guid(7ae4f038555669349b19305499ef3267) Importer(815301076,1909f56bfc062723c751e8b465ee728b)  -> (artifact id: 'ffff5b321828ebd731080f9c1c389c75') in 0.007031 seconds 
========================================================================
Received Import Request.
  Time since last request: 0.000018 seconds.
  path: Assets/Sprites/Ghost_Vulnerable_White_02.png
  artifactKey: Guid(0046507bc33d04343a6bcbf90288aff2) Importer(815301076,1909f56bfc062723c751e8b465ee728b)
Start importing Assets/Sprites/Ghost_Vulnerable_White_02.png using Guid(0046507bc33d04343a6bcbf90288aff2) Importer(815301076,1909f56bfc062723c751e8b465ee728b)  -> (artifact id: '1af1910a5c276985c1eb515f120d675c') in 0.007109 seconds 
========================================================================
Received Import Request.
  Time since last request: 0.000018 seconds.
  path: Assets/Sprites/Ghost_Eyes_Down.png
  artifactKey: Guid(b97167c35748db84fb4d32f4f242922a) Importer(815301076,1909f56bfc062723c751e8b465ee728b)
Start importing Assets/Sprites/Ghost_Eyes_Down.png using Guid(b97167c35748db84fb4d32f4f242922a) Importer(815301076,1909f56bfc062723c751e8b465ee728b)  -> (artifact id: '06a79e8e8c723bd59fbf1ada935f1dcf') in 0.011092 seconds 
========================================================================
Received Import Request.
  Time since last request: 0.000027 seconds.
  path: Assets/Sprites/Ghost_Eyes_Right.png
  artifactKey: Guid(07ddb51374d9f19458dad756bbbcd880) Importer(815301076,1909f56bfc062723c751e8b465ee728b)
Start importing Assets/Sprites/Ghost_Eyes_Right.png using Guid(07ddb51374d9f19458dad756bbbcd880) Importer(815301076,1909f56bfc062723c751e8b465ee728b)  -> (artifact id: '9e696158cc52ea8395b0751590baa94b') in 0.007486 seconds 
========================================================================
Received Import Request.
  Time since last request: 33.037616 seconds.
  path: Assets/Sprites/Pellet_Medium.png
  artifactKey: Guid(f3ad6a179f966804cad0514a2acbf0b0) Importer(815301076,1909f56bfc062723c751e8b465ee728b)
Start importing Assets/Sprites/Pellet_Medium.png using Guid(f3ad6a179f966804cad0514a2acbf0b0) Importer(815301076,1909f56bfc062723c751e8b465ee728b)  -> (artifact id: '13d8c1bba740217a5d2c20fdca50b9ed') in 0.044108 seconds 
========================================================================
Received Import Request.
  Time since last request: 0.000026 seconds.
  path: Assets/Sprites/Wall_24.png
  artifactKey: Guid(3ba0ad1f842285948b092fe1a77f1370) Importer(815301076,1909f56bfc062723c751e8b465ee728b)
Start importing Assets/Sprites/Wall_24.png using Guid(3ba0ad1f842285948b092fe1a77f1370) Importer(815301076,1909f56bfc062723c751e8b465ee728b)  -> (artifact id: 'dcedb5521183b3123788f3b626cebcd0') in 0.017527 seconds 
========================================================================
Received Import Request.
  Time since last request: 0.000018 seconds.
  path: Assets/Sprites/Wall_06.png
  artifactKey: Guid(2cf5def0f3636524eac3f7ccdbe38837) Importer(815301076,1909f56bfc062723c751e8b465ee728b)
Start importing Assets/Sprites/Wall_06.png using Guid(2cf5def0f3636524eac3f7ccdbe38837) Importer(815301076,1909f56bfc062723c751e8b465ee728b)  -> (artifact id: 'a201521b1682fbbaa5cf37d30b58c9ef') in 0.040258 seconds 
========================================================================
Received Import Request.
  Time since last request: 0.000027 seconds.
  path: Assets/Sprites/Wall_30.png
  artifactKey: Guid(6f115c8eee0d491419895b53625f41dc) Importer(815301076,1909f56bfc062723c751e8b465ee728b)
Start importing Assets/Sprites/Wall_30.png using Guid(6f115c8eee0d491419895b53625f41dc) Importer(815301076,1909f56bfc062723c751e8b465ee728b)  -> (artifact id: 'dcc2306299801157cf922a98f1d59332') in 0.028974 seconds 
========================================================================
Received Import Request.
  Time since last request: 0.000022 seconds.
  path: Assets/Sprites/Wall_00.png
  artifactKey: Guid(e52ee8a5840dcaf4499f536c1580873c) Importer(815301076,1909f56bfc062723c751e8b465ee728b)
Start importing Assets/Sprites/Wall_00.png using Guid(e52ee8a5840dcaf4499f536c1580873c) Importer(815301076,1909f56bfc062723c751e8b465ee728b)  -> (artifact id: 'bfd8e1e7e19543fff6682e4ce7736667') in 0.006550 seconds 
========================================================================
Received Import Request.
  Time since last request: 0.000017 seconds.
  path: Assets/Sprites/Wall_04.png
  artifactKey: Guid(8fe1022521c11cb47a859a6bfb7a6777) Importer(815301076,1909f56bfc062723c751e8b465ee728b)
Start importing Assets/Sprites/Wall_04.png using Guid(8fe1022521c11cb47a859a6bfb7a6777) Importer(815301076,1909f56bfc062723c751e8b465ee728b)  -> (artifact id: '093039d6d2bc63d595832dd913dfaef3') in 0.005624 seconds 
========================================================================
Received Import Request.
  Time since last request: 0.000019 seconds.
  path: Assets/Sprites/Wall_27.png
  artifactKey: Guid(39e3fa3fcbaf196489ad0e7e74bce721) Importer(815301076,1909f56bfc062723c751e8b465ee728b)
Start importing Assets/Sprites/Wall_27.png using Guid(39e3fa3fcbaf196489ad0e7e74bce721) Importer(815301076,1909f56bfc062723c751e8b465ee728b)  -> (artifact id: 'c14eafb33ec35da94f40995714bc84f4') in 0.010926 seconds 
========================================================================
Received Import Request.
  Time since last request: 0.000023 seconds.
  path: Assets/Sprites/Wall_09.png
  artifactKey: Guid(ea70de09204aca148be4cc456714f7ef) Importer(815301076,1909f56bfc062723c751e8b465ee728b)
Start importing Assets/Sprites/Wall_09.png using Guid(ea70de09204aca148be4cc456714f7ef) Importer(815301076,1909f56bfc062723c751e8b465ee728b)  -> (artifact id: '522ef878db6fd31aac012d6b88cb34c8') in 0.005522 seconds 
========================================================================
Received Import Request.
  Time since last request: 0.000020 seconds.
  path: Assets/Sprites/Wall_13.png
  artifactKey: Guid(edd6f6eaca1f9a445b8305efd75e8b2b) Importer(815301076,1909f56bfc062723c751e8b465ee728b)
Start importing Assets/Sprites/Wall_13.png using Guid(edd6f6eaca1f9a445b8305efd75e8b2b) Importer(815301076,1909f56bfc062723c751e8b465ee728b)  -> (artifact id: 'd2d0c8a0b4397ae2a89c63c03aa886d1') in 0.007670 seconds 
========================================================================
Received Import Request.
  Time since last request: 0.000022 seconds.
  path: Assets/Sprites/Wall_34.png
  artifactKey: Guid(336cb5f821d09e94ca211f1a42e47428) Importer(815301076,1909f56bfc062723c751e8b465ee728b)
Start importing Assets/Sprites/Wall_34.png using Guid(336cb5f821d09e94ca211f1a42e47428) Importer(815301076,1909f56bfc062723c751e8b465ee728b)  -> (artifact id: 'e76e04cb6e4b90b562957f1323fc9b3f') in 0.005534 seconds 
========================================================================
Received Import Request.
  Time since last request: 0.000018 seconds.
  path: Assets/Sprites/Wall_02.png
  artifactKey: Guid(1e35994e85d4e06438561e6d4289e2d3) Importer(815301076,1909f56bfc062723c751e8b465ee728b)
Start importing Assets/Sprites/Wall_02.png using Guid(1e35994e85d4e06438561e6d4289e2d3) Importer(815301076,1909f56bfc062723c751e8b465ee728b)  -> (artifact id: 'ae9a4d4ef287cc5549cfda9d32e1f351') in 0.009290 seconds 
========================================================================
Received Import Request.
  Time since last request: 0.000023 seconds.
  path: Assets/Sprites/Wall_16.png
  artifactKey: Guid(369fed99b29f81d4d926569de4472465) Importer(815301076,1909f56bfc062723c751e8b465ee728b)
Start importing Assets/Sprites/Wall_16.png using Guid(369fed99b29f81d4d926569de4472465) Importer(815301076,1909f56bfc062723c751e8b465ee728b)  -> (artifact id: '8696757f10e4129153b79459e95fda87') in 0.006639 seconds 
========================================================================
Received Import Request.
  Time since last request: 0.000018 seconds.
  path: Assets/Sprites/Wall_05.png
  artifactKey: Guid(c5111370543b9c74bacb41934c46f6c7) Importer(815301076,1909f56bfc062723c751e8b465ee728b)
Start importing Assets/Sprites/Wall_05.png using Guid(c5111370543b9c74bacb41934c46f6c7) Importer(815301076,1909f56bfc062723c751e8b465ee728b)  -> (artifact id: 'e618507c5e46c864b4655578524db957') in 0.008289 seconds 
========================================================================
Received Import Request.
  Time since last request: 0.000022 seconds.
  path: Assets/Sprites/Wall_29.png
  artifactKey: Guid(1281c669df473ee4099877bc91b5a04a) Importer(815301076,1909f56bfc062723c751e8b465ee728b)
Start importing Assets/Sprites/Wall_29.png using Guid(1281c669df473ee4099877bc91b5a04a) Importer(815301076,1909f56bfc062723c751e8b465ee728b)  -> (artifact id: '6bade61d5c05fc94a58415f2a0873ea2') in 0.009454 seconds 
========================================================================
Received Import Request.
  Time since last request: 0.000021 seconds.
  path: Assets/Sprites/Wall_07.png
  artifactKey: Guid(22b85c5a1b35f6344bea572b841882b1) Importer(815301076,1909f56bfc062723c751e8b465ee728b)
Start importing Assets/Sprites/Wall_07.png using Guid(22b85c5a1b35f6344bea572b841882b1) Importer(815301076,1909f56bfc062723c751e8b465ee728b)  -> (artifact id: '7f413132a4600282595ffcc9cfd024f9') in 0.008518 seconds 
========================================================================
Received Import Request.
  Time since last request: 0.000024 seconds.
  path: Assets/Sprites/Wall_12.png
  artifactKey: Guid(8d65a6fd64925c141847db8ffa1b186f) Importer(815301076,1909f56bfc062723c751e8b465ee728b)
Start importing Assets/Sprites/Wall_12.png using Guid(8d65a6fd64925c141847db8ffa1b186f) Importer(815301076,1909f56bfc062723c751e8b465ee728b)  -> (artifact id: 'dd92a4ef2aaf254c0cc3efb8b617c6dd') in 0.008162 seconds 
========================================================================
Received Import Request.
  Time since last request: 0.000031 seconds.
  path: Assets/Sprites/Wall_01.png
  artifactKey: Guid(10fbf9dc56da36c45a97cdf11ee1ff64) Importer(815301076,1909f56bfc062723c751e8b465ee728b)
Start importing Assets/Sprites/Wall_01.png using Guid(10fbf9dc56da36c45a97cdf11ee1ff64) Importer(815301076,1909f56bfc062723c751e8b465ee728b)  -> (artifact id: '875875d0238f569ceb1680f56fe4f626') in 0.006870 seconds 
========================================================================
Received Import Request.
  Time since last request: 0.000055 seconds.
  path: Assets/Sprites/Wall_10.png
  artifactKey: Guid(d7b8d195d13895a43a865dbf51e0f9d5) Importer(815301076,1909f56bfc062723c751e8b465ee728b)
Start importing Assets/Sprites/Wall_10.png using Guid(d7b8d195d13895a43a865dbf51e0f9d5) Importer(815301076,1909f56bfc062723c751e8b465ee728b)  -> (artifact id: 'ff0e0fe72dd00d48c2069779ffeeda66') in 0.010957 seconds 
========================================================================
Received Import Request.
  Time since last request: 0.000023 seconds.
  path: Assets/Sprites/Wall_26.png
  artifactKey: Guid(4a3f1f82d57cce44b938b9061baccc56) Importer(815301076,1909f56bfc062723c751e8b465ee728b)
Start importing Assets/Sprites/Wall_26.png using Guid(4a3f1f82d57cce44b938b9061baccc56) Importer(815301076,1909f56bfc062723c751e8b465ee728b)  -> (artifact id: 'fd00955a7b6a1ec61dc2ab0bee952903') in 0.006210 seconds 
========================================================================
Received Import Request.
  Time since last request: 2.701664 seconds.
  path: Assets/Sprites/Wall_37.png
  artifactKey: Guid(b1372eb48ab258e4d9cc78b4b8ae51e9) Importer(815301076,1909f56bfc062723c751e8b465ee728b)
Start importing Assets/Sprites/Wall_37.png using Guid(b1372eb48ab258e4d9cc78b4b8ae51e9) Importer(815301076,1909f56bfc062723c751e8b465ee728b)  -> (artifact id: '4c7c2f223af179ec26164e38eda413b5') in 0.005894 seconds 
Editor requested this worker to shutdown with reason: Scaling down because of idle timeout
AssetImportWorker is now disconnected from the server
Process exiting
Exiting without the bug reporter. Application will terminate with return code 0